<?xml version="1.0" encoding="UTF-8"?>
<robot generator="Robot 3.2.2 (Python 3.9.1 on win32)" generated="20210228 20:15:45.828" rpa="false">
<suite id="s1" name="Amazon" source="E:\kku_2020\SE\Assignment-1\robotframework\amazon.robot">
<test id="s1-t1" name="User must sign in to check out">
<kw name="Open Browser http://www.amazon.com chrome">
<msg timestamp="20210228 20:15:46.284" level="FAIL">No keyword with name 'Open Browser http://www.amazon.com chrome' found.</msg>
<status status="FAIL" starttime="20210228 20:15:46.284" endtime="20210228 20:15:46.284"></status>
</kw>
<doc>This is some basic info about the test</doc>
<tags>
<tag>Smoke</tag>
</tags>
<status status="FAIL" starttime="20210228 20:15:46.278" endtime="20210228 20:15:46.285" critical="yes">No keyword with name 'Open Browser http://www.amazon.com chrome' found.</status>
</test>
<doc>This is some basic info about the whole suite</doc>
<status status="FAIL" starttime="20210228 20:15:45.831" endtime="20210228 20:15:46.285"></status>
</suite>
<statistics>
<total>
<stat pass="0" fail="1">Critical Tests</stat>
<stat pass="0" fail="1">All Tests</stat>
</total>
<tag>
<stat pass="0" fail="1">Smoke</stat>
</tag>
<suite>
<stat pass="0" fail="1" id="s1" name="Amazon">Amazon</stat>
</suite>
</statistics>
<errors>
</errors>
</robot>
